# JRE version: Java(TM) SE Runtime Environment (8.0_111-b14) (build 1.8.0_111-b14)
# Java VM: Java HotSpot(TM) 64-Bit Server VM (25.111-b14 mixed mode windows-amd64 compressed oops)
Heap:
 PSYoungGen      total 14336K, used 4963K [0x00000000d8380000, 0x00000000d9d80000, 0x0000000100000000)
  eden space 10752K, 22% used [0x00000000d8380000,0x00000000d85de978,0x00000000d8e00000)
  from space 3584K, 70% used [0x00000000d8e00000,0x00000000d907a528,0x00000000d9180000)
  to   space 4608K, 0% used [0x00000000d9900000,0x00000000d9900000,0x00000000d9d80000)
 ParOldGen       total 9216K, used 5222K [0x0000000088a00000, 0x0000000089300000, 0x00000000d8380000)
  object space 9216K, 56% used [0x0000000088a00000,0x0000000088f19810,0x0000000089300000)
 Metaspace       used 8656K, capacity 9216K, committed 9344K, reserved 1056768K
  class space    used 1023K, capacity 1076K, committed 1152K, reserved 1048576K
GC Heap History (10 events):
Event: 12.809 GC heap before
{Heap before GC invocations=6 (full 0):
 PSYoungGen      total 3584K, used 3568K [0x00000000d8380000, 0x00000000d8b80000, 0x0000000100000000)
  eden space 3072K, 100% used [0x00000000d8380000,0x00000000d8680000,0x00000000d8680000)
  from space 512K, 96% used [0x00000000d8680000,0x00000000d86fc010,0x00000000d8700000)
  to   space 1024K, 0% used [0x00000000d8a80000,0x00000000d8a80000,0x00000000d8b80000)
 ParOldGen       total 5632K, used 912K [0x0000000088a00000, 0x0000000088f80000, 0x00000000d8380000)
  object space 5632K, 16% used [0x0000000088a00000,0x0000000088ae4060,0x0000000088f80000)
 Metaspace       used 7322K, capacity 8180K, committed 8448K, reserved 1056768K
  class space    used 898K, capacity 944K, committed 1024K, reserved 1048576K
Event: 12.824 GC heap after
Heap after GC invocations=6 (full 0):
 PSYoungGen      total 6656K, used 1003K [0x00000000d8380000, 0x00000000d8c80000, 0x0000000100000000)
  eden space 5632K, 0% used [0x00000000d8380000,0x00000000d8380000,0x00000000d8900000)
  from space 1024K, 98% used [0x00000000d8a80000,0x00000000d8b7ae30,0x00000000d8b80000)
  to   space 1536K, 0% used [0x00000000d8900000,0x00000000d8900000,0x00000000d8a80000)
 ParOldGen       total 5632K, used 993K [0x0000000088a00000, 0x0000000088f80000, 0x00000000d8380000)
  object space 5632K, 17% used [0x0000000088a00000,0x0000000088af8630,0x0000000088f80000)
 Metaspace       used 7322K, capacity 8180K, committed 8448K, reserved 1056768K
  class space    used 898K, capacity 944K, committed 1024K, reserved 1048576K
}
Event: 14.321 GC heap before
{Heap before GC invocations=7 (full 0):
 PSYoungGen      total 6656K, used 6531K [0x00000000d8380000, 0x00000000d8c80000, 0x0000000100000000)
  eden space 5632K, 98% used [0x00000000d8380000,0x00000000d88e61b0,0x00000000d8900000)
  from space 1024K, 98% used [0x00000000d8a80000,0x00000000d8b7ae30,0x00000000d8b80000)
  to   space 1536K, 0% used [0x00000000d8900000,0x00000000d8900000,0x00000000d8a80000)
 ParOldGen       total 5632K, used 993K [0x0000000088a00000, 0x0000000088f80000, 0x00000000d8380000)
  object space 5632K, 17% used [0x0000000088a00000,0x0000000088af8630,0x0000000088f80000)
 Metaspace       used 7393K, capacity 8180K, committed 8448K, reserved 1056768K
  class space    used 904K, capacity 944K, committed 1024K, reserved 1048576K
Event: 14.453 GC heap after
Heap after GC invocations=7 (full 0):
 PSYoungGen      total 7168K, used 1527K [0x00000000d8380000, 0x00000000d9480000, 0x0000000100000000)
  eden space 5632K, 0% used [0x00000000d8380000,0x00000000d8380000,0x00000000d8900000)
  from space 1536K, 99% used [0x00000000d8900000,0x00000000d8a7ddd8,0x00000000d8a80000)
  to   space 3072K, 0% used [0x00000000d9180000,0x00000000d9180000,0x00000000d9480000)
 ParOldGen       total 5632K, used 3102K [0x0000000088a00000, 0x0000000088f80000, 0x00000000d8380000)
  object space 5632K, 55% used [0x0000000088a00000,0x0000000088d07810,0x0000000088f80000)
 Metaspace       used 7393K, capacity 8180K, committed 8448K, reserved 1056768K
  class space    used 904K, capacity 944K, committed 1024K, reserved 1048576K
}
Event: 16.380 GC heap before
{Heap before GC invocations=8 (full 0):
 PSYoungGen      total 7168K, used 7158K [0x00000000d8380000, 0x00000000d9480000, 0x0000000100000000)
  eden space 5632K, 99% used [0x00000000d8380000,0x00000000d88ffba8,0x00000000d8900000)
  from space 1536K, 99% used [0x00000000d8900000,0x00000000d8a7ddd8,0x00000000d8a80000)
  to   space 3072K, 0% used [0x00000000d9180000,0x00000000d9180000,0x00000000d9480000)
 ParOldGen       total 5632K, used 3102K [0x0000000088a00000, 0x0000000088f80000, 0x00000000d8380000)
  object space 5632K, 55% used [0x0000000088a00000,0x0000000088d07810,0x0000000088f80000)
 Metaspace       used 7507K, capacity 8244K, committed 8448K, reserved 1056768K
  class space    used 911K, capacity 944K, committed 1024K, reserved 1048576K
Event: 16.459 GC heap after
Heap after GC invocations=8 (full 0):
 PSYoungGen      total 13824K, used 3057K [0x00000000d8380000, 0x00000000d9580000, 0x0000000100000000)
  eden space 10752K, 0% used [0x00000000d8380000,0x00000000d8380000,0x00000000d8e00000)
  from space 3072K, 99% used [0x00000000d9180000,0x00000000d947c668,0x00000000d9480000)
  to   space 3584K, 0% used [0x00000000d8e00000,0x00000000d8e00000,0x00000000d9180000)
 ParOldGen       total 5632K, used 3634K [0x0000000088a00000, 0x0000000088f80000, 0x00000000d8380000)
  object space 5632K, 64% used [0x0000000088a00000,0x0000000088d8ca00,0x0000000088f80000)
 Metaspace       used 7507K, capacity 8244K, committed 8448K, reserved 1056768K
  class space    used 911K, capacity 944K, committed 1024K, reserved 1048576K
}
Event: 20.441 GC heap before
{Heap before GC invocations=9 (full 0):
 PSYoungGen      total 13824K, used 13809K [0x00000000d8380000, 0x00000000d9580000, 0x0000000100000000)
  eden space 10752K, 100% used [0x00000000d8380000,0x00000000d8e00000,0x00000000d8e00000)
  from space 3072K, 99% used [0x00000000d9180000,0x00000000d947c668,0x00000000d9480000)
  to   space 3584K, 0% used [0x00000000d8e00000,0x00000000d8e00000,0x00000000d9180000)
 ParOldGen       total 5632K, used 3634K [0x0000000088a00000, 0x0000000088f80000, 0x00000000d8380000)
  object space 5632K, 64% used [0x0000000088a00000,0x0000000088d8ca00,0x0000000088f80000)
 Metaspace       used 8319K, capacity 8832K, committed 8960K, reserved 1056768K
  class space    used 1000K, capacity 1012K, committed 1024K, reserved 1048576K
Event: 20.675 GC heap after
Heap after GC invocations=9 (full 0):
 PSYoungGen      total 14336K, used 3578K [0x00000000d8380000, 0x00000000d9d80000, 0x0000000100000000)
  eden space 10752K, 0% used [0x00000000d8380000,0x00000000d8380000,0x00000000d8e00000)
  from space 3584K, 99% used [0x00000000d8e00000,0x00000000d917eb18,0x00000000d9180000)
  to   space 4608K, 0% used [0x00000000d9900000,0x00000000d9900000,0x00000000d9d80000)
 ParOldGen       total 5632K, used 4487K [0x0000000088a00000, 0x0000000088f80000, 0x00000000d8380000)
  object space 5632K, 79% used [0x0000000088a00000,0x0000000088e61f10,0x0000000088f80000)
 Metaspace       used 8319K, capacity 8832K, committed 8960K, reserved 1056768K
  class space    used 1000K, capacity 1012K, committed 1024K, reserved 1048576K
}
Event: 20.675 GC heap before
{Heap before GC invocations=10 (full 1):
 PSYoungGen      total 14336K, used 3578K [0x00000000d8380000, 0x00000000d9d80000, 0x0000000100000000)
  eden space 10752K, 0% used [0x00000000d8380000,0x00000000d8380000,0x00000000d8e00000)
  from space 3584K, 99% used [0x00000000d8e00000,0x00000000d917eb18,0x00000000d9180000)
  to   space 4608K, 0% used [0x00000000d9900000,0x00000000d9900000,0x00000000d9d80000)
 ParOldGen       total 5632K, used 4487K [0x0000000088a00000, 0x0000000088f80000, 0x00000000d8380000)
  object space 5632K, 79% used [0x0000000088a00000,0x0000000088e61f10,0x0000000088f80000)
 Metaspace       used 8319K, capacity 8832K, committed 8960K, reserved 1056768K
  class space    used 1000K, capacity 1012K, committed 1024K, reserved 1048576K
Event: 22.470 GC heap after
Heap after GC invocations=10 (full 1):
 PSYoungGen      total 14336K, used 2537K [0x00000000d8380000, 0x00000000d9d80000, 0x0000000100000000)
  eden space 10752K, 0% used [0x00000000d8380000,0x00000000d8380000,0x00000000d8e00000)
  from space 3584K, 70% used [0x00000000d8e00000,0x00000000d907a528,0x00000000d9180000)
  to   space 4608K, 0% used [0x00000000d9900000,0x00000000d9900000,0x00000000d9d80000)
 ParOldGen       total 9216K, used 5222K [0x0000000088a00000, 0x0000000089300000, 0x00000000d8380000)
  object space 9216K, 56% used [0x0000000088a00000,0x0000000088f19810,0x0000000089300000)
 Metaspace       used 8319K, capacity 8832K, committed 8960K, reserved 1056768K
  class space    used 1000K, capacity 1012K, committed 1024K, reserved 1048576K
}

