# JRE version: Java(TM) SE Runtime Environment (8.0_111-b14) (build 1.8.0_111-b14)
# Java VM: Java HotSpot(TM) 64-Bit Server VM (25.111-b14 mixed mode windows-amd64 compressed oops)
Heap:
 PSYoungGen      total 3584K, used 1520K [0x00000000d8380000, 0x00000000d8a80000, 0x0000000100000000)
  eden space 3072K, 33% used [0x00000000d8380000,0x00000000d84805c0,0x00000000d8680000)
  from space 512K, 96% used [0x00000000d8680000,0x00000000d86fbc30,0x00000000d8700000)
  to   space 512K, 0% used [0x00000000d8a00000,0x00000000d8a00000,0x00000000d8a80000)
 ParOldGen       total 5632K, used 592K [0x0000000088a00000, 0x0000000088f80000, 0x00000000d8380000)
  object space 5632K, 10% used [0x0000000088a00000,0x0000000088a94348,0x0000000088f80000)
 Metaspace       used 5491K, capacity 6644K, committed 6912K, reserved 1056768K
  class space    used 701K, capacity 752K, committed 768K, reserved 1048576K
GC Heap History (6 events):
Event: 6.732 GC heap before
{Heap before GC invocations=1 (full 0):
 PSYoungGen      total 2048K, used 1536K [0x00000000d8380000, 0x00000000d8600000, 0x0000000100000000)
  eden space 1536K, 100% used [0x00000000d8380000,0x00000000d8500000,0x00000000d8500000)
  from space 512K, 0% used [0x00000000d8580000,0x00000000d8580000,0x00000000d8600000)
  to   space 512K, 0% used [0x00000000d8500000,0x00000000d8500000,0x00000000d8580000)
 ParOldGen       total 5632K, used 0K [0x0000000088a00000, 0x0000000088f80000, 0x00000000d8380000)
  object space 5632K, 0% used [0x0000000088a00000,0x0000000088a00000,0x0000000088f80000)
 Metaspace       used 3518K, capacity 4812K, committed 5120K, reserved 1056768K
  class space    used 411K, capacity 456K, committed 512K, reserved 1048576K
Event: 6.858 GC heap after
Heap after GC invocations=1 (full 0):
 PSYoungGen      total 2048K, used 496K [0x00000000d8380000, 0x00000000d8780000, 0x0000000100000000)
  eden space 1536K, 0% used [0x00000000d8380000,0x00000000d8380000,0x00000000d8500000)
  from space 512K, 96% used [0x00000000d8500000,0x00000000d857c010,0x00000000d8580000)
  to   space 512K, 0% used [0x00000000d8700000,0x00000000d8700000,0x00000000d8780000)
 ParOldGen       total 5632K, used 24K [0x0000000088a00000, 0x0000000088f80000, 0x00000000d8380000)
  object space 5632K, 0% used [0x0000000088a00000,0x0000000088a06010,0x0000000088f80000)
 Metaspace       used 3518K, capacity 4812K, committed 5120K, reserved 1056768K
  class space    used 411K, capacity 456K, committed 512K, reserved 1048576K
}
Event: 9.054 GC heap before
{Heap before GC invocations=2 (full 0):
 PSYoungGen      total 2048K, used 2032K [0x00000000d8380000, 0x00000000d8780000, 0x0000000100000000)
  eden space 1536K, 100% used [0x00000000d8380000,0x00000000d8500000,0x00000000d8500000)
  from space 512K, 96% used [0x00000000d8500000,0x00000000d857c010,0x00000000d8580000)
  to   space 512K, 0% used [0x00000000d8700000,0x00000000d8700000,0x00000000d8780000)
 ParOldGen       total 5632K, used 24K [0x0000000088a00000, 0x0000000088f80000, 0x00000000d8380000)
  object space 5632K, 0% used [0x0000000088a00000,0x0000000088a06010,0x0000000088f80000)
 Metaspace       used 4215K, capacity 5392K, committed 5760K, reserved 1056768K
  class space    used 506K, capacity 524K, committed 640K, reserved 1048576K
Event: 9.369 GC heap after
Heap after GC invocations=2 (full 0):
 PSYoungGen      total 3584K, used 512K [0x00000000d8380000, 0x00000000d8780000, 0x0000000100000000)
  eden space 3072K, 0% used [0x00000000d8380000,0x00000000d8380000,0x00000000d8680000)
  from space 512K, 100% used [0x00000000d8700000,0x00000000d8780000,0x00000000d8780000)
  to   space 512K, 0% used [0x00000000d8680000,0x00000000d8680000,0x00000000d8700000)
 ParOldGen       total 5632K, used 72K [0x0000000088a00000, 0x0000000088f80000, 0x00000000d8380000)
  object space 5632K, 1% used [0x0000000088a00000,0x0000000088a12030,0x0000000088f80000)
 Metaspace       used 4215K, capacity 5392K, committed 5760K, reserved 1056768K
  class space    used 506K, capacity 524K, committed 640K, reserved 1048576K
}
Event: 11.834 GC heap before
{Heap before GC invocations=3 (full 0):
 PSYoungGen      total 3584K, used 3467K [0x00000000d8380000, 0x00000000d8780000, 0x0000000100000000)
  eden space 3072K, 96% used [0x00000000d8380000,0x00000000d8662ff0,0x00000000d8680000)
  from space 512K, 100% used [0x00000000d8700000,0x00000000d8780000,0x00000000d8780000)
  to   space 512K, 0% used [0x00000000d8680000,0x00000000d8680000,0x00000000d8700000)
 ParOldGen       total 5632K, used 72K [0x0000000088a00000, 0x0000000088f80000, 0x00000000d8380000)
  object space 5632K, 1% used [0x0000000088a00000,0x0000000088a12030,0x0000000088f80000)
 Metaspace       used 5152K, capacity 6324K, committed 6656K, reserved 1056768K
  class space    used 638K, capacity 688K, committed 768K, reserved 1048576K
Event: 12.015 GC heap after
Heap after GC invocations=3 (full 0):
 PSYoungGen      total 3584K, used 495K [0x00000000d8380000, 0x00000000d8a80000, 0x0000000100000000)
  eden space 3072K, 0% used [0x00000000d8380000,0x00000000d8380000,0x00000000d8680000)
  from space 512K, 96% used [0x00000000d8680000,0x00000000d86fbc30,0x00000000d8700000)
  to   space 512K, 0% used [0x00000000d8a00000,0x00000000d8a00000,0x00000000d8a80000)
 ParOldGen       total 5632K, used 592K [0x0000000088a00000, 0x0000000088f80000, 0x00000000d8380000)
  object space 5632K, 10% used [0x0000000088a00000,0x0000000088a94348,0x0000000088f80000)
 Metaspace       used 5152K, capacity 6324K, committed 6656K, reserved 1056768K
  class space    used 638K, capacity 688K, committed 768K, reserved 1048576K
}

